TN:
SF:src\core\state\GameStateManager.js
FN:13,(anonymous_0)
FN:23,(anonymous_1)
FN:73,(anonymous_2)
FN:80,(anonymous_3)
FN:88,(anonymous_4)
FN:135,(anonymous_5)
FN:146,(anonymous_6)
FN:153,(anonymous_7)
FN:160,(anonymous_8)
FN:178,(anonymous_9)
FN:219,(anonymous_10)
FN:240,(anonymous_11)
FN:251,(anonymous_12)
FN:276,(anonymous_13)
FN:287,(anonymous_14)
FN:294,(anonymous_15)
FN:344,(anonymous_16)
FN:347,(anonymous_17)
FN:370,(anonymous_18)
FN:391,(anonymous_19)
FN:392,(anonymous_20)
FN:398,(anonymous_21)
FN:422,(anonymous_22)
FN:449,(anonymous_23)
FN:469,(anonymous_24)
FN:480,(anonymous_25)
FN:491,(anonymous_26)
FN:501,(anonymous_27)
FN:510,(anonymous_28)
FN:512,(anonymous_29)
FN:527,(anonymous_30)
FN:534,(anonymous_31)
FNF:32
FNH:30
FNDA:14,(anonymous_0)
FNDA:17,(anonymous_1)
FNDA:1,(anonymous_2)
FNDA:14,(anonymous_3)
FNDA:10,(anonymous_4)
FNDA:1,(anonymous_5)
FNDA:2,(anonymous_6)
FNDA:1,(anonymous_7)
FNDA:1,(anonymous_8)
FNDA:1,(anonymous_9)
FNDA:1,(anonymous_10)
FNDA:1,(anonymous_11)
FNDA:1,(anonymous_12)
FNDA:1,(anonymous_13)
FNDA:1,(anonymous_14)
FNDA:10,(anonymous_15)
FNDA:5,(anonymous_16)
FNDA:1,(anonymous_17)
FNDA:3,(anonymous_18)
FNDA:1,(anonymous_19)
FNDA:2,(anonymous_20)
FNDA:10,(anonymous_21)
FNDA:2,(anonymous_22)
FNDA:1,(anonymous_23)
FNDA:0,(anonymous_24)
FNDA:0,(anonymous_25)
FNDA:3,(anonymous_26)
FNDA:1,(anonymous_27)
FNDA:11,(anonymous_28)
FNDA:2,(anonymous_29)
FNDA:1,(anonymous_30)
FNDA:1,(anonymous_31)
DA:14,14
DA:15,14
DA:16,14
DA:17,14
DA:24,17
DA:74,1
DA:81,14
DA:82,14
DA:89,10
DA:91,10
DA:94,9
DA:97,9
DA:100,9
DA:101,1
DA:109,9
DA:115,9
DA:116,9
DA:123,9
DA:125,1
DA:126,1
DA:128,1
DA:136,1
DA:137,0
DA:140,1
DA:147,2
DA:154,1
DA:161,1
DA:162,1
DA:169,1
DA:170,1
DA:179,1
DA:181,1
DA:182,1
DA:186,1
DA:194,1
DA:195,1
DA:196,1
DA:197,1
DA:202,1
DA:210,0
DA:220,1
DA:222,1
DA:223,1
DA:225,1
DA:226,1
DA:230,1
DA:241,1
DA:242,1
DA:243,1
DA:252,1
DA:254,1
DA:255,1
DA:257,1
DA:258,1
DA:262,1
DA:264,1
DA:265,0
DA:277,1
DA:278,1
DA:279,1
DA:288,1
DA:295,10
DA:298,10
DA:299,4
DA:300,4
DA:301,4
DA:306,10
DA:307,1
DA:308,1
DA:309,1
DA:314,10
DA:315,1
DA:319,10
DA:320,1
DA:324,10
DA:325,3
DA:329,10
DA:330,4
DA:334,10
DA:335,3
DA:338,10
DA:345,5
DA:347,1
DA:371,3
DA:372,3
DA:373,8
DA:374,8
DA:385,3
DA:392,2
DA:399,10
DA:400,10
DA:409,10
DA:410,10
DA:412,0
DA:413,0
DA:415,0
DA:423,2
DA:425,2
DA:427,1
DA:428,1
DA:430,1
DA:431,1
DA:436,1
DA:439,1
DA:440,1
DA:443,1
DA:450,1
DA:451,1
DA:453,1
DA:454,0
DA:457,1
DA:458,1
DA:470,0
DA:471,0
DA:481,0
DA:483,0
DA:484,0
DA:492,3
DA:493,3
DA:495,3
DA:502,1
DA:503,1
DA:511,11
DA:512,3
DA:513,2
DA:514,2
DA:516,1
DA:517,1
DA:528,1
DA:535,1
LF:130
LH:118
BRDA:100,0,0,1
BRDA:100,0,1,8
BRDA:115,1,0,9
BRDA:115,1,1,0
BRDA:125,2,0,1
BRDA:125,2,1,0
BRDA:135,3,0,0
BRDA:136,4,0,0
BRDA:136,4,1,1
BRDA:146,5,0,1
BRDA:147,6,0,1
BRDA:147,6,1,1
BRDA:154,7,0,1
BRDA:154,7,1,0
BRDA:161,8,0,1
BRDA:161,8,1,0
BRDA:169,9,0,1
BRDA:169,9,1,0
BRDA:182,10,0,1
BRDA:182,10,1,0
BRDA:189,11,0,1
BRDA:189,11,1,0
BRDA:190,12,0,1
BRDA:190,12,1,1
BRDA:195,13,0,1
BRDA:195,13,1,0
BRDA:199,14,0,1
BRDA:199,14,1,0
BRDA:220,15,0,0
BRDA:220,15,1,1
BRDA:223,16,0,1
BRDA:223,16,1,0
BRDA:225,17,0,1
BRDA:225,17,1,0
BRDA:241,18,0,0
BRDA:241,18,1,1
BRDA:242,19,0,1
BRDA:242,19,1,0
BRDA:252,20,0,0
BRDA:252,20,1,1
BRDA:255,21,0,1
BRDA:255,21,1,0
BRDA:257,22,0,1
BRDA:257,22,1,0
BRDA:264,23,0,0
BRDA:264,23,1,1
BRDA:277,24,0,0
BRDA:277,24,1,1
BRDA:278,25,0,1
BRDA:278,25,1,0
BRDA:288,26,0,1
BRDA:288,26,1,0
BRDA:298,27,0,4
BRDA:298,27,1,6
BRDA:300,28,0,4
BRDA:300,28,1,0
BRDA:300,29,0,4
BRDA:300,29,1,4
BRDA:306,30,0,1
BRDA:306,30,1,9
BRDA:308,31,0,1
BRDA:308,31,1,0
BRDA:314,32,0,1
BRDA:314,32,1,9
BRDA:319,33,0,1
BRDA:319,33,1,9
BRDA:324,34,0,3
BRDA:324,34,1,7
BRDA:329,35,0,4
BRDA:329,35,1,6
BRDA:334,36,0,3
BRDA:334,36,1,7
BRDA:346,37,0,3
BRDA:346,37,1,2
BRDA:349,38,0,3
BRDA:349,38,1,2
BRDA:352,39,0,3
BRDA:352,39,1,2
BRDA:355,40,0,3
BRDA:355,40,1,2
BRDA:355,41,0,5
BRDA:355,41,1,4
BRDA:358,42,0,3
BRDA:358,42,1,2
BRDA:358,43,0,5
BRDA:358,43,1,3
BRDA:361,44,0,3
BRDA:361,44,1,2
BRDA:373,45,0,8
BRDA:373,45,1,0
BRDA:376,46,0,8
BRDA:376,46,1,0
BRDA:376,47,0,8
BRDA:376,47,1,8
BRDA:379,48,0,8
BRDA:379,48,1,0
BRDA:379,49,0,8
BRDA:379,49,1,8
BRDA:392,50,0,2
BRDA:392,50,1,2
BRDA:412,51,0,0
BRDA:412,51,1,0
BRDA:427,52,0,1
BRDA:427,52,1,0
BRDA:430,53,0,1
BRDA:430,53,1,0
BRDA:439,54,0,1
BRDA:439,54,1,0
BRDA:453,55,0,0
BRDA:453,55,1,1
BRDA:457,56,0,1
BRDA:457,56,1,0
BRDA:469,57,0,0
BRDA:471,58,0,0
BRDA:471,58,1,0
BRDA:483,59,0,0
BRDA:483,59,1,0
BRDA:492,60,0,3
BRDA:492,60,1,0
BRDA:502,61,0,1
BRDA:502,61,1,0
BRDA:511,62,0,3
BRDA:511,62,1,8
BRDA:516,63,0,1
BRDA:516,63,1,0
BRDA:528,64,0,1
BRDA:528,64,1,1
BRF:127
BRH:84
end_of_record
TN:
SF:src\core\utils\SecureStorage.js
FN:8,(anonymous_0)
FN:16,(anonymous_1)
FN:23,(anonymous_2)
FN:38,(anonymous_3)
FN:64,(anonymous_4)
FN:75,(anonymous_5)
FN:83,(anonymous_6)
FN:95,(anonymous_7)
FNF:8
FNH:8
FNDA:1,(anonymous_0)
FNDA:11,(anonymous_1)
FNDA:4,(anonymous_2)
FNDA:4,(anonymous_3)
FNDA:2,(anonymous_4)
FNDA:1,(anonymous_5)
FNDA:5,(anonymous_6)
FNDA:4,(anonymous_7)
DA:9,1
DA:10,1
DA:17,11
DA:24,4
DA:25,4
DA:26,4
DA:27,4
DA:28,3
DA:30,1
DA:31,1
DA:39,4
DA:40,4
DA:41,4
DA:44,3
DA:45,2
DA:46,1
DA:50,1
DA:51,1
DA:53,0
DA:56,1
DA:57,1
DA:65,2
DA:66,2
DA:68,0
DA:76,1
DA:85,5
DA:89,5
DA:96,4
DA:97,1
DA:101,3
DA:102,3
DA:105,3
LF:32
LH:30
BRDA:8,0,0,1
BRDA:41,1,0,1
BRDA:41,1,1,3
BRDA:44,2,0,2
BRDA:44,2,1,1
BRDA:64,3,0,0
BRDA:65,4,0,2
BRDA:65,4,1,0
BRDA:65,5,0,2
BRDA:65,5,1,2
BRDA:96,6,0,1
BRDA:96,6,1,3
BRF:12
BRH:10
end_of_record
