TN:
SF:src\core\events\EventBus.js
FN:8,(anonymous_0)
FN:19,(anonymous_1)
FN:26,(anonymous_2)
FN:40,(anonymous_3)
FN:77,(anonymous_4)
FN:84,(anonymous_5)
FN:123,(anonymous_6)
FN:161,(anonymous_7)
FN:168,(anonymous_8)
FN:175,(anonymous_9)
FN:198,(anonymous_10)
FN:205,(anonymous_11)
FN:225,(anonymous_12)
FN:248,(anonymous_13)
FN:258,(anonymous_14)
FN:263,(anonymous_15)
FN:272,(anonymous_16)
FN:279,(anonymous_17)
FN:290,(anonymous_18)
FN:303,(anonymous_19)
FN:312,(anonymous_20)
FNF:21
FNH:20
FNDA:14,(anonymous_0)
FNDA:4,(anonymous_1)
FNDA:3,(anonymous_2)
FNDA:16,(anonymous_3)
FNDA:1,(anonymous_4)
FNDA:14,(anonymous_5)
FNDA:2,(anonymous_6)
FNDA:2,(anonymous_7)
FNDA:0,(anonymous_8)
FNDA:14,(anonymous_9)
FNDA:14,(anonymous_10)
FNDA:3,(anonymous_11)
FNDA:1,(anonymous_12)
FNDA:1,(anonymous_13)
FNDA:16,(anonymous_14)
FNDA:7,(anonymous_15)
FNDA:18,(anonymous_16)
FNDA:14,(anonymous_17)
FNDA:1,(anonymous_18)
FNDA:3,(anonymous_19)
FNDA:1,(anonymous_20)
DA:9,14
DA:10,14
DA:11,14
DA:12,14
DA:13,14
DA:20,4
DA:27,3
DA:28,3
DA:29,3
DA:30,1
DA:41,16
DA:42,12
DA:45,16
DA:46,16
DA:59,16
DA:60,16
DA:61,16
DA:63,16
DA:64,3
DA:71,16
DA:78,1
DA:85,14
DA:86,14
DA:94,14
DA:97,14
DA:99,14
DA:100,4
DA:108,14
DA:110,0
DA:111,0
DA:116,0
DA:124,2
DA:125,2
DA:127,1
DA:128,1
DA:129,1
DA:130,0
DA:135,1
DA:139,1
DA:140,1
DA:141,1
DA:142,0
DA:144,1
DA:147,0
DA:148,0
DA:155,0
DA:162,2
DA:169,0
DA:176,14
DA:178,14
DA:179,3
DA:180,3
DA:182,1
DA:183,1
DA:192,14
DA:199,14
DA:200,3
DA:203,11
DA:204,11
DA:205,3
DA:207,11
DA:208,11
DA:210,11
DA:211,12
DA:212,12
DA:219,11
DA:220,1
DA:224,11
DA:225,1
DA:226,1
DA:227,1
DA:236,1
DA:237,1
DA:238,1
DA:248,11
DA:249,1
DA:252,11
DA:259,16
DA:260,16
DA:261,16
DA:263,7
DA:265,16
DA:273,18
DA:280,14
DA:282,14
DA:283,0
DA:291,1
DA:292,1
DA:293,1
DA:295,1
DA:296,0
DA:304,3
DA:305,3
DA:306,1
DA:309,3
DA:312,1
LF:96
LH:85
BRDA:27,0,0,3
BRDA:27,0,1,0
BRDA:29,1,0,1
BRDA:29,1,1,2
BRDA:31,2,0,1
BRDA:31,2,1,1
BRDA:40,3,0,12
BRDA:41,4,0,12
BRDA:41,4,1,4
BRDA:49,5,0,16
BRDA:49,5,1,15
BRDA:50,6,0,16
BRDA:50,6,1,14
BRDA:51,7,0,16
BRDA:51,7,1,16
BRDA:63,8,0,3
BRDA:63,8,1,13
BRDA:77,9,0,1
BRDA:84,10,0,6
BRDA:84,11,0,14
BRDA:90,12,0,14
BRDA:90,12,1,14
BRDA:99,13,0,4
BRDA:99,13,1,10
BRDA:110,14,0,0
BRDA:110,14,1,0
BRDA:123,15,0,1
BRDA:125,16,0,1
BRDA:125,16,1,1
BRDA:127,17,0,1
BRDA:127,17,1,0
BRDA:129,18,0,0
BRDA:129,18,1,1
BRDA:129,19,0,1
BRDA:129,19,1,1
BRDA:141,20,0,0
BRDA:141,20,1,1
BRDA:141,21,0,1
BRDA:141,21,1,1
BRDA:147,22,0,0
BRDA:147,22,1,0
BRDA:162,23,0,1
BRDA:162,23,1,1
BRDA:180,24,0,3
BRDA:180,24,1,1
BRDA:182,25,0,1
BRDA:182,25,1,0
BRDA:184,26,0,1
BRDA:184,26,1,1
BRDA:199,27,0,3
BRDA:199,27,1,11
BRDA:219,28,0,1
BRDA:219,28,1,10
BRDA:224,29,0,1
BRDA:224,29,1,10
BRDA:226,30,0,1
BRDA:226,30,1,0
BRDA:237,31,0,1
BRDA:237,31,1,0
BRDA:259,32,0,16
BRDA:259,32,1,0
BRDA:282,33,0,0
BRDA:282,33,1,14
BRDA:295,34,0,0
BRDA:295,34,1,1
BRF:65
BRH:51
end_of_record
TN:
SF:src\core\logging\GameLogger.js
FN:13,(anonymous_0)
FN:46,(anonymous_1)
FN:59,(anonymous_2)
FN:71,(anonymous_3)
FN:81,(anonymous_4)
FN:88,(anonymous_5)
FN:95,(anonymous_6)
FN:102,(anonymous_7)
FN:109,(anonymous_8)
FN:148,(anonymous_9)
FN:180,(anonymous_10)
FN:186,(anonymous_11)
FN:209,(anonymous_12)
FN:234,(anonymous_13)
FN:256,(anonymous_14)
FN:269,(anonymous_15)
FN:277,(anonymous_16)
FN:290,(anonymous_17)
FN:294,(anonymous_18)
FN:303,(anonymous_19)
FN:304,(anonymous_20)
FN:324,(anonymous_21)
FN:340,(anonymous_22)
FN:360,(anonymous_23)
FN:372,(anonymous_24)
FN:375,(anonymous_25)
FN:391,(anonymous_26)
FN:398,(anonymous_27)
FN:404,(anonymous_28)
FN:406,(anonymous_29)
FN:419,(anonymous_30)
FN:423,(anonymous_31)
FN:430,(anonymous_32)
FN:434,(anonymous_33)
FN:441,(anonymous_34)
FN:448,(anonymous_35)
FNF:36
FNH:28
FNDA:16,(anonymous_0)
FNDA:16,(anonymous_1)
FNDA:2,(anonymous_2)
FNDA:1,(anonymous_3)
FNDA:1,(anonymous_4)
FNDA:0,(anonymous_5)
FNDA:12,(anonymous_6)
FNDA:0,(anonymous_7)
FNDA:13,(anonymous_8)
FNDA:12,(anonymous_9)
FNDA:12,(anonymous_10)
FNDA:10,(anonymous_11)
FNDA:12,(anonymous_12)
FNDA:11,(anonymous_13)
FNDA:12,(anonymous_14)
FNDA:23,(anonymous_15)
FNDA:12,(anonymous_16)
FNDA:0,(anonymous_17)
FNDA:0,(anonymous_18)
FNDA:0,(anonymous_19)
FNDA:0,(anonymous_20)
FNDA:1,(anonymous_21)
FNDA:1,(anonymous_22)
FNDA:1,(anonymous_23)
FNDA:1,(anonymous_24)
FNDA:8,(anonymous_25)
FNDA:1,(anonymous_26)
FNDA:0,(anonymous_27)
FNDA:13,(anonymous_28)
FNDA:1,(anonymous_29)
FNDA:21,(anonymous_30)
FNDA:12,(anonymous_31)
FNDA:12,(anonymous_32)
FNDA:12,(anonymous_33)
FNDA:0,(anonymous_34)
FNDA:1,(anonymous_35)
DA:14,16
DA:21,16
DA:31,16
DA:32,16
DA:33,16
DA:36,16
DA:39,16
DA:40,16
DA:47,16
DA:48,16
DA:49,16
DA:52,0
DA:60,2
DA:61,2
DA:62,2
DA:72,1
DA:73,1
DA:74,1
DA:82,1
DA:89,0
DA:96,12
DA:103,0
DA:110,13
DA:112,13
DA:113,13
DA:114,1
DA:118,12
DA:121,12
DA:124,12
DA:125,12
DA:129,12
DA:130,11
DA:134,12
DA:136,12
DA:137,12
DA:140,0
DA:141,0
DA:149,12
DA:158,12
DA:159,12
DA:166,12
DA:167,12
DA:174,12
DA:181,12
DA:184,12
DA:185,12
DA:186,3
DA:187,10
DA:189,2
DA:194,12
DA:195,12
DA:196,0
DA:203,12
DA:210,12
DA:211,12
DA:213,12
DA:215,1
DA:216,1
DA:218,0
DA:219,0
DA:221,11
DA:222,11
DA:224,0
DA:225,0
DA:227,0
DA:235,11
DA:236,11
DA:237,11
DA:239,11
DA:242,11
DA:243,0
DA:246,11
DA:249,0
DA:257,12
DA:258,12
DA:259,12
DA:260,12
DA:262,0
DA:270,23
DA:271,23
DA:278,12
DA:281,12
DA:283,1
DA:291,0
DA:293,0
DA:294,0
DA:297,0
DA:304,0
DA:305,0
DA:306,0
DA:308,0
DA:309,0
DA:311,0
DA:312,0
DA:314,0
DA:315,0
DA:317,0
DA:325,1
DA:327,1
DA:329,0
DA:331,1
DA:333,0
DA:341,1
DA:342,1
DA:344,1
DA:345,1
DA:351,1
DA:354,1
DA:361,1
DA:362,1
DA:363,1
DA:365,0
DA:373,1
DA:374,1
DA:375,8
DA:378,1
DA:392,1
DA:393,1
DA:395,1
DA:399,0
DA:400,0
DA:405,13
DA:406,1
DA:407,1
DA:408,1
DA:410,0
DA:420,21
DA:424,12
DA:425,9
DA:427,12
DA:431,12
DA:435,12
DA:442,0
DA:449,1
DA:450,1
DA:451,1
DA:452,1
LF:137
LH:102
BRDA:13,0,0,1
BRDA:22,1,0,16
BRDA:22,1,1,2
BRDA:25,2,0,16
BRDA:25,2,1,15
BRDA:28,3,0,16
BRDA:28,3,1,16
BRDA:31,4,0,16
BRDA:31,4,1,0
BRDA:49,5,0,16
BRDA:49,5,1,1
BRDA:72,6,0,1
BRDA:72,6,1,0
BRDA:81,7,0,1
BRDA:88,8,0,0
BRDA:95,9,0,11
BRDA:102,10,0,0
BRDA:109,11,0,0
BRDA:113,12,0,1
BRDA:113,12,1,12
BRDA:124,13,0,12
BRDA:124,13,1,0
BRDA:124,14,0,12
BRDA:124,14,1,12
BRDA:129,15,0,11
BRDA:129,15,1,1
BRDA:129,16,0,12
BRDA:129,16,1,12
BRDA:129,16,2,11
BRDA:151,17,0,12
BRDA:151,17,1,0
BRDA:154,18,0,12
BRDA:154,18,1,0
BRDA:158,19,0,12
BRDA:158,19,1,0
BRDA:166,20,0,12
BRDA:166,20,1,0
BRDA:186,21,0,2
BRDA:186,21,1,1
BRDA:195,22,0,0
BRDA:195,22,1,12
BRDA:213,23,0,1
BRDA:213,23,1,0
BRDA:213,23,2,11
BRDA:213,23,3,0
BRDA:213,23,4,0
BRDA:242,24,0,0
BRDA:242,24,1,11
BRDA:260,25,0,2
BRDA:260,25,1,10
BRDA:281,26,0,1
BRDA:281,26,1,11
BRDA:290,27,0,0
BRDA:290,28,0,0
BRDA:293,29,0,0
BRDA:293,29,1,0
BRDA:305,30,0,0
BRDA:305,30,1,0
BRDA:305,31,0,0
BRDA:305,31,1,0
BRDA:308,32,0,0
BRDA:308,32,1,0
BRDA:308,33,0,0
BRDA:308,33,1,0
BRDA:311,34,0,0
BRDA:311,34,1,0
BRDA:311,35,0,0
BRDA:311,35,1,0
BRDA:314,36,0,0
BRDA:314,36,1,0
BRDA:314,37,0,0
BRDA:314,37,1,0
BRDA:324,38,0,0
BRDA:327,39,0,0
BRDA:327,39,1,1
BRDA:327,39,2,0
BRDA:346,40,0,1
BRDA:346,40,1,0
BRDA:347,41,0,1
BRDA:347,41,1,0
BRDA:348,42,0,1
BRDA:348,42,1,0
BRDA:349,43,0,1
BRDA:349,43,1,0
BRDA:392,44,0,1
BRDA:392,44,1,0
BRDA:399,45,0,0
BRDA:399,45,1,0
BRDA:405,46,0,1
BRDA:405,46,1,12
BRDA:424,47,0,9
BRDA:424,47,1,3
BRDA:431,48,0,12
BRDA:431,48,1,0
BRDA:435,49,0,12
BRDA:435,49,1,0
BRF:96
BRH:49
end_of_record
TN:
SF:src\core\state\GameStateManager.js
FN:13,(anonymous_0)
FN:23,(anonymous_1)
FN:73,(anonymous_2)
FN:80,(anonymous_3)
FN:88,(anonymous_4)
FN:135,(anonymous_5)
FN:146,(anonymous_6)
FN:153,(anonymous_7)
FN:160,(anonymous_8)
FN:178,(anonymous_9)
FN:219,(anonymous_10)
FN:240,(anonymous_11)
FN:251,(anonymous_12)
FN:276,(anonymous_13)
FN:287,(anonymous_14)
FN:294,(anonymous_15)
FN:344,(anonymous_16)
FN:347,(anonymous_17)
FN:370,(anonymous_18)
FN:391,(anonymous_19)
FN:392,(anonymous_20)
FN:398,(anonymous_21)
FN:422,(anonymous_22)
FN:449,(anonymous_23)
FN:469,(anonymous_24)
FN:480,(anonymous_25)
FN:491,(anonymous_26)
FN:501,(anonymous_27)
FN:510,(anonymous_28)
FN:512,(anonymous_29)
FN:527,(anonymous_30)
FN:534,(anonymous_31)
FNF:32
FNH:30
FNDA:14,(anonymous_0)
FNDA:17,(anonymous_1)
FNDA:1,(anonymous_2)
FNDA:14,(anonymous_3)
FNDA:10,(anonymous_4)
FNDA:1,(anonymous_5)
FNDA:2,(anonymous_6)
FNDA:1,(anonymous_7)
FNDA:1,(anonymous_8)
FNDA:1,(anonymous_9)
FNDA:1,(anonymous_10)
FNDA:1,(anonymous_11)
FNDA:1,(anonymous_12)
FNDA:1,(anonymous_13)
FNDA:1,(anonymous_14)
FNDA:10,(anonymous_15)
FNDA:5,(anonymous_16)
FNDA:1,(anonymous_17)
FNDA:3,(anonymous_18)
FNDA:1,(anonymous_19)
FNDA:2,(anonymous_20)
FNDA:10,(anonymous_21)
FNDA:2,(anonymous_22)
FNDA:1,(anonymous_23)
FNDA:0,(anonymous_24)
FNDA:0,(anonymous_25)
FNDA:3,(anonymous_26)
FNDA:1,(anonymous_27)
FNDA:11,(anonymous_28)
FNDA:2,(anonymous_29)
FNDA:1,(anonymous_30)
FNDA:1,(anonymous_31)
DA:14,14
DA:15,14
DA:16,14
DA:17,14
DA:24,17
DA:74,1
DA:81,14
DA:82,14
DA:89,10
DA:91,10
DA:94,9
DA:97,9
DA:100,9
DA:101,1
DA:109,9
DA:115,9
DA:116,9
DA:123,9
DA:125,1
DA:126,1
DA:128,1
DA:136,1
DA:137,0
DA:140,1
DA:147,2
DA:154,1
DA:161,1
DA:162,1
DA:169,1
DA:170,1
DA:179,1
DA:181,1
DA:182,1
DA:186,1
DA:194,1
DA:195,1
DA:196,1
DA:197,1
DA:202,1
DA:210,0
DA:220,1
DA:222,1
DA:223,1
DA:225,1
DA:226,1
DA:230,1
DA:241,1
DA:242,1
DA:243,1
DA:252,1
DA:254,1
DA:255,1
DA:257,1
DA:258,1
DA:262,1
DA:264,1
DA:265,0
DA:277,1
DA:278,1
DA:279,1
DA:288,1
DA:295,10
DA:298,10
DA:299,4
DA:300,4
DA:301,4
DA:306,10
DA:307,1
DA:308,1
DA:309,1
DA:314,10
DA:315,1
DA:319,10
DA:320,1
DA:324,10
DA:325,3
DA:329,10
DA:330,4
DA:334,10
DA:335,3
DA:338,10
DA:345,5
DA:347,1
DA:371,3
DA:372,3
DA:373,8
DA:374,8
DA:385,3
DA:392,2
DA:399,10
DA:400,10
DA:409,10
DA:410,10
DA:412,0
DA:413,0
DA:415,0
DA:423,2
DA:425,2
DA:427,1
DA:428,1
DA:430,1
DA:431,1
DA:436,1
DA:439,1
DA:440,1
DA:443,1
DA:450,1
DA:451,1
DA:453,1
DA:454,0
DA:457,1
DA:458,1
DA:470,0
DA:471,0
DA:481,0
DA:483,0
DA:484,0
DA:492,3
DA:493,3
DA:495,3
DA:502,1
DA:503,1
DA:511,11
DA:512,3
DA:513,2
DA:514,2
DA:516,1
DA:517,1
DA:528,1
DA:535,1
LF:130
LH:118
BRDA:100,0,0,1
BRDA:100,0,1,8
BRDA:115,1,0,9
BRDA:115,1,1,0
BRDA:125,2,0,1
BRDA:125,2,1,0
BRDA:135,3,0,0
BRDA:136,4,0,0
BRDA:136,4,1,1
BRDA:146,5,0,1
BRDA:147,6,0,1
BRDA:147,6,1,1
BRDA:154,7,0,1
BRDA:154,7,1,0
BRDA:161,8,0,1
BRDA:161,8,1,0
BRDA:169,9,0,1
BRDA:169,9,1,0
BRDA:182,10,0,1
BRDA:182,10,1,0
BRDA:189,11,0,1
BRDA:189,11,1,0
BRDA:190,12,0,1
BRDA:190,12,1,1
BRDA:195,13,0,1
BRDA:195,13,1,0
BRDA:199,14,0,1
BRDA:199,14,1,0
BRDA:220,15,0,0
BRDA:220,15,1,1
BRDA:223,16,0,1
BRDA:223,16,1,0
BRDA:225,17,0,1
BRDA:225,17,1,0
BRDA:241,18,0,0
BRDA:241,18,1,1
BRDA:242,19,0,1
BRDA:242,19,1,0
BRDA:252,20,0,0
BRDA:252,20,1,1
BRDA:255,21,0,1
BRDA:255,21,1,0
BRDA:257,22,0,1
BRDA:257,22,1,0
BRDA:264,23,0,0
BRDA:264,23,1,1
BRDA:277,24,0,0
BRDA:277,24,1,1
BRDA:278,25,0,1
BRDA:278,25,1,0
BRDA:288,26,0,1
BRDA:288,26,1,0
BRDA:298,27,0,4
BRDA:298,27,1,6
BRDA:300,28,0,4
BRDA:300,28,1,0
BRDA:300,29,0,4
BRDA:300,29,1,4
BRDA:306,30,0,1
BRDA:306,30,1,9
BRDA:308,31,0,1
BRDA:308,31,1,0
BRDA:314,32,0,1
BRDA:314,32,1,9
BRDA:319,33,0,1
BRDA:319,33,1,9
BRDA:324,34,0,3
BRDA:324,34,1,7
BRDA:329,35,0,4
BRDA:329,35,1,6
BRDA:334,36,0,3
BRDA:334,36,1,7
BRDA:346,37,0,3
BRDA:346,37,1,2
BRDA:349,38,0,3
BRDA:349,38,1,2
BRDA:352,39,0,3
BRDA:352,39,1,2
BRDA:355,40,0,3
BRDA:355,40,1,2
BRDA:355,41,0,5
BRDA:355,41,1,4
BRDA:358,42,0,3
BRDA:358,42,1,2
BRDA:358,43,0,5
BRDA:358,43,1,3
BRDA:361,44,0,3
BRDA:361,44,1,2
BRDA:373,45,0,8
BRDA:373,45,1,0
BRDA:376,46,0,8
BRDA:376,46,1,0
BRDA:376,47,0,8
BRDA:376,47,1,8
BRDA:379,48,0,8
BRDA:379,48,1,0
BRDA:379,49,0,8
BRDA:379,49,1,8
BRDA:392,50,0,2
BRDA:392,50,1,2
BRDA:412,51,0,0
BRDA:412,51,1,0
BRDA:427,52,0,1
BRDA:427,52,1,0
BRDA:430,53,0,1
BRDA:430,53,1,0
BRDA:439,54,0,1
BRDA:439,54,1,0
BRDA:453,55,0,0
BRDA:453,55,1,1
BRDA:457,56,0,1
BRDA:457,56,1,0
BRDA:469,57,0,0
BRDA:471,58,0,0
BRDA:471,58,1,0
BRDA:483,59,0,0
BRDA:483,59,1,0
BRDA:492,60,0,3
BRDA:492,60,1,0
BRDA:502,61,0,1
BRDA:502,61,1,0
BRDA:511,62,0,3
BRDA:511,62,1,8
BRDA:516,63,0,1
BRDA:516,63,1,0
BRDA:528,64,0,1
BRDA:528,64,1,1
BRF:127
BRH:84
end_of_record
TN:
SF:src\core\time\TimeManager.js
FN:9,(anonymous_0)
FN:35,(anonymous_1)
FN:52,(anonymous_2)
FN:74,(anonymous_3)
FN:96,(anonymous_4)
FN:107,(anonymous_5)
FN:110,(anonymous_6)
FN:126,(anonymous_7)
FN:148,(anonymous_8)
FN:152,(anonymous_9)
FNF:10
FNH:10
FNDA:14,(anonymous_0)
FNDA:14,(anonymous_1)
FNDA:8,(anonymous_2)
FNDA:2,(anonymous_3)
FNDA:18,(anonymous_4)
FNDA:7,(anonymous_5)
FNDA:15,(anonymous_6)
FNDA:18,(anonymous_7)
FNDA:1,(anonymous_8)
FNDA:1,(anonymous_9)
DA:10,14
DA:11,14
DA:12,14
DA:15,14
DA:23,14
DA:25,14
DA:26,12
DA:36,14
DA:38,14
DA:39,14
DA:41,14
DA:44,1
DA:53,8
DA:57,7
DA:58,7
DA:60,7
DA:62,7
DA:63,7
DA:66,7
DA:67,7
DA:75,2
DA:77,1
DA:80,1
DA:82,1
DA:84,1
DA:85,1
DA:90,1
DA:97,18
DA:98,1
DA:100,17
DA:101,17
DA:108,7
DA:110,7
DA:111,15
DA:115,15
DA:117,15
DA:118,15
DA:127,18
DA:129,18
DA:130,18
DA:133,18
DA:134,17
DA:135,17
DA:144,0
DA:149,1
DA:153,1
DA:154,1
DA:155,1
LF:48
LH:47
BRDA:9,0,0,0
BRDA:10,1,0,14
BRDA:10,1,1,2
BRDA:11,2,0,14
BRDA:11,2,1,2
BRDA:12,3,0,14
BRDA:12,3,1,0
BRDA:25,4,0,12
BRDA:25,4,1,2
BRDA:36,5,0,14
BRDA:36,5,1,0
BRDA:38,6,0,14
BRDA:38,6,1,13
BRDA:39,7,0,14
BRDA:39,7,1,13
BRDA:41,8,0,1
BRDA:41,8,1,13
BRDA:53,9,0,1
BRDA:53,9,1,7
BRDA:62,10,0,7
BRDA:62,10,1,0
BRDA:66,11,0,7
BRDA:66,11,1,0
BRDA:75,12,0,1
BRDA:75,12,1,1
BRDA:84,13,0,1
BRDA:84,13,1,0
BRDA:97,14,0,1
BRDA:97,14,1,17
BRDA:108,15,0,0
BRDA:108,15,1,7
BRDA:117,16,0,15
BRDA:117,16,1,0
BRDA:127,17,0,18
BRDA:127,17,1,0
BRDA:129,18,0,18
BRDA:129,18,1,15
BRDA:133,19,0,17
BRDA:133,19,1,1
BRDA:153,20,0,1
BRDA:153,20,1,0
BRF:41
BRH:31
end_of_record
TN:
SF:src\core\utils\SecureStorage.js
FN:8,(anonymous_0)
FN:16,(anonymous_1)
FN:23,(anonymous_2)
FN:38,(anonymous_3)
FN:64,(anonymous_4)
FN:75,(anonymous_5)
FN:83,(anonymous_6)
FN:95,(anonymous_7)
FNF:8
FNH:8
FNDA:2,(anonymous_0)
FNDA:11,(anonymous_1)
FNDA:4,(anonymous_2)
FNDA:4,(anonymous_3)
FNDA:2,(anonymous_4)
FNDA:1,(anonymous_5)
FNDA:5,(anonymous_6)
FNDA:4,(anonymous_7)
DA:9,2
DA:10,2
DA:17,11
DA:24,4
DA:25,4
DA:26,4
DA:27,4
DA:28,3
DA:30,1
DA:31,1
DA:39,4
DA:40,4
DA:41,4
DA:44,3
DA:45,2
DA:46,1
DA:50,1
DA:51,1
DA:53,0
DA:56,1
DA:57,1
DA:65,2
DA:66,2
DA:68,0
DA:76,1
DA:85,5
DA:89,5
DA:96,4
DA:97,1
DA:101,3
DA:102,3
DA:105,3
LF:32
LH:30
BRDA:8,0,0,2
BRDA:41,1,0,1
BRDA:41,1,1,3
BRDA:44,2,0,2
BRDA:44,2,1,1
BRDA:64,3,0,0
BRDA:65,4,0,2
BRDA:65,4,1,0
BRDA:65,5,0,2
BRDA:65,5,1,2
BRDA:96,6,0,1
BRDA:96,6,1,3
BRF:12
BRH:10
end_of_record
